[Thu Jan 30 06:46:09.800363 2025] [mpm_event:notice] [pid 31560:tid 8236270144] AH00489: Apache/2.4.43 (Unix) configured -- resuming normal operations
[Thu Jan 30 06:46:09.801063 2025] [core:notice] [pid 31560:tid 8236270144] AH00094: Command line: '/Users/eumateusvidal/Library/Application Support/Local/lightning-services/apache-2.4.43+11/bin/darwin-arm64/bin/httpd -D FOREGROUND -f /Users/eumateusvidal/Library/Application Support/Local/run/3-KQnrQPA/conf/apache/apache2.conf'
[Thu Jan 30 06:51:45.294612 2025] [mpm_event:notice] [pid 31560:tid 8236270144] AH00491: caught SIGTERM, shutting down
[Thu Jan 30 06:51:46.269668 2025] [mpm_event:notice] [pid 32549:tid 8236270144] AH00489: Apache/2.4.43 (Unix) configured -- resuming normal operations
[Thu Jan 30 06:51:46.270353 2025] [core:notice] [pid 32549:tid 8236270144] AH00094: Command line: '/Users/eumateusvidal/Library/Application Support/Local/lightning-services/apache-2.4.43+11/bin/darwin-arm64/bin/httpd -D FOREGROUND -f /Users/eumateusvidal/Library/Application Support/Local/run/3-KQnrQPA/conf/apache/apache2.conf'
[Thu Jan 30 08:05:19.426715 2025] [mpm_event:notice] [pid 32549:tid 8236270144] AH00491: caught SIGTERM, shutting down
[Thu Jan 30 11:12:53.230459 2025] [mpm_event:notice] [pid 41048:tid 8236270144] AH00489: Apache/2.4.43 (Unix) configured -- resuming normal operations
[Thu Jan 30 11:12:53.244020 2025] [core:notice] [pid 41048:tid 8236270144] AH00094: Command line: '/Users/eumateusvidal/Library/Application Support/Local/lightning-services/apache-2.4.43+11/bin/darwin-arm64/bin/httpd -D FOREGROUND -f /Users/eumateusvidal/Library/Application Support/Local/run/3-KQnrQPA/conf/apache/apache2.conf'
[Thu Jan 30 13:01:28.427548 2025] [mpm_event:notice] [pid 41048:tid 8236270144] AH00491: caught SIGTERM, shutting down
[Fri Jan 31 07:55:04.360278 2025] [mpm_event:notice] [pid 61020:tid 8236270144] AH00489: Apache/2.4.43 (Unix) configured -- resuming normal operations
[Fri Jan 31 07:55:04.361616 2025] [core:notice] [pid 61020:tid 8236270144] AH00094: Command line: '/Users/eumateusvidal/Library/Application Support/Local/lightning-services/apache-2.4.43+11/bin/darwin-arm64/bin/httpd -D FOREGROUND -f /Users/eumateusvidal/Library/Application Support/Local/run/3-KQnrQPA/conf/apache/apache2.conf'
[Fri Jan 31 09:23:51.448604 2025] [mpm_event:notice] [pid 61020:tid 8236270144] AH00491: caught SIGTERM, shutting down
AH00558: httpd: Could not reliably determine the server's fully qualified domain name, using Mateuss-MacBook-Air.local. Set the 'ServerName' directive globally to suppress this message
[Fri Jan 31 22:34:59.354679 2025] [mpm_event:notice] [pid 15344:tid 8279769664] AH00489: Apache/2.4.43 (Unix) configured -- resuming normal operations
[Fri Jan 31 22:34:59.355119 2025] [core:notice] [pid 15344:tid 8279769664] AH00094: Command line: '/Users/eumateusvidal/Library/Application Support/Local/lightning-services/apache-2.4.43+11/bin/darwin-arm64/bin/httpd -D FOREGROUND -f /Users/eumateusvidal/Library/Application Support/Local/run/3-KQnrQPA/conf/apache/apache2.conf'
[Fri Jan 31 23:24:28.851785 2025] [mpm_event:notice] [pid 15344:tid 8279769664] AH00491: caught SIGTERM, shutting down
AH00558: httpd: Could not reliably determine the server's fully qualified domain name, using Mateuss-MacBook-Air.local. Set the 'ServerName' directive globally to suppress this message
[Sat Feb 01 22:53:45.135364 2025] [mpm_event:notice] [pid 10406:tid 8658289216] AH00489: Apache/2.4.43 (Unix) configured -- resuming normal operations
[Sat Feb 01 22:53:45.137575 2025] [core:notice] [pid 10406:tid 8658289216] AH00094: Command line: '/Users/eumateusvidal/Library/Application Support/Local/lightning-services/apache-2.4.43+11/bin/darwin-arm64/bin/httpd -D FOREGROUND -f /Users/eumateusvidal/Library/Application Support/Local/run/3-KQnrQPA/conf/apache/apache2.conf'
[Sat Feb 01 23:07:23.414373 2025] [mpm_event:notice] [pid 10406:tid 8658289216] AH00491: caught SIGTERM, shutting down
[Sun Feb 02 20:09:39.632279 2025] [mpm_event:notice] [pid 5241:tid 8277574208] AH00489: Apache/2.4.43 (Unix) configured -- resuming normal operations
[Sun Feb 02 20:09:39.633061 2025] [core:notice] [pid 5241:tid 8277574208] AH00094: Command line: '/Users/eumateusvidal/Library/Application Support/Local/lightning-services/apache-2.4.43+11/bin/darwin-arm64/bin/httpd -D FOREGROUND -f /Users/eumateusvidal/Library/Application Support/Local/run/3-KQnrQPA/conf/apache/apache2.conf'
