[30-Jan-2025 06:46:06] NOTICE: fpm is running, pid 31558
[30-Jan-2025 06:46:06] NOTICE: ready to handle connections
[30-Jan-2025 06:51:45] NOTICE: Terminating ...
[30-Jan-2025 06:51:45] NOTICE: Terminating ...
[30-Jan-2025 06:51:45] NOTICE: exiting, bye-bye!
[30-Jan-2025 06:51:52] NOTICE: fpm is running, pid 32550
[30-Jan-2025 06:51:52] NOTICE: ready to handle connections
[30-Jan-2025 08:05:19] NOTICE: Terminating ...
[30-Jan-2025 08:05:19] NOTICE: Terminating ...
[30-Jan-2025 08:05:19] NOTICE: exiting, bye-bye!
[30-Jan-2025 11:12:53] NOTICE: fpm is running, pid 41049
[30-Jan-2025 11:12:53] NOTICE: ready to handle connections
[30-Jan-2025 13:01:28] NOTICE: Terminating ...
[30-Jan-2025 13:01:28] NOTICE: Terminating ...
[30-Jan-2025 13:01:28] NOTICE: exiting, bye-bye!
[31-Jan-2025 07:55:04] NOTICE: fpm is running, pid 61021
[31-Jan-2025 07:55:04] NOTICE: ready to handle connections
[31-Jan-2025 09:23:51] NOTICE: Terminating ...
[31-Jan-2025 09:23:51] NOTICE: Terminating ...
[31-Jan-2025 09:23:51] NOTICE: exiting, bye-bye!
[31-Jan-2025 22:34:59] NOTICE: fpm is running, pid 15345
[31-Jan-2025 22:34:59] NOTICE: ready to handle connections
[31-Jan-2025 23:24:28] NOTICE: Terminating ...
[31-Jan-2025 23:24:28] NOTICE: Terminating ...
[31-Jan-2025 23:24:28] NOTICE: exiting, bye-bye!
[01-Feb-2025 22:53:45] NOTICE: fpm is running, pid 10407
[01-Feb-2025 22:53:45] NOTICE: ready to handle connections
[01-Feb-2025 23:07:23] NOTICE: Terminating ...
[01-Feb-2025 23:07:23] NOTICE: Terminating ...
[01-Feb-2025 23:07:23] NOTICE: exiting, bye-bye!
[02-Feb-2025 20:09:39] NOTICE: fpm is running, pid 5242
[02-Feb-2025 20:09:39] NOTICE: ready to handle connections
[02-Feb-2025 21:39:49] NOTICE: Terminating ...
[02-Feb-2025 21:39:49] NOTICE: Terminating ...
[02-Feb-2025 21:39:49] NOTICE: exiting, bye-bye!
